<?xml version="1.0" encoding="UTF-8"?>
<coverage generated="1738185603244" clover="3.2.0">
  <project timestamp="1738185603244" name="All files">
    <metrics statements="38" coveredstatements="38" conditionals="11" coveredconditionals="11" methods="9" coveredmethods="9" elements="58" coveredelements="58" complexity="0" loc="38" ncloc="38" packages="1" files="7" classes="7"/>
    <file name="Bowman.js" path="/Users/himura/Desktop/Netology/ajs-oop/src/js/Bowman.js">
      <metrics statements="3" coveredstatements="3" conditionals="0" coveredconditionals="0" methods="1" coveredmethods="1"/>
      <line num="5" count="2" type="stmt"/>
      <line num="6" count="2" type="stmt"/>
      <line num="7" count="2" type="stmt"/>
    </file>
    <file name="Character.js" path="/Users/himura/Desktop/Netology/ajs-oop/src/js/Character.js">
      <metrics statements="20" coveredstatements="20" conditionals="11" coveredconditionals="11" methods="3" coveredmethods="3"/>
      <line num="3" count="13" type="stmt"/>
      <line num="12" count="13" type="cond" truecount="5" falsecount="0"/>
      <line num="13" count="2" type="stmt"/>
      <line num="16" count="11" type="cond" truecount="2" falsecount="0"/>
      <line num="17" count="1" type="stmt"/>
      <line num="20" count="10" type="stmt"/>
      <line num="21" count="10" type="stmt"/>
      <line num="22" count="10" type="stmt"/>
      <line num="23" count="10" type="stmt"/>
      <line num="24" count="10" type="stmt"/>
      <line num="25" count="10" type="stmt"/>
      <line num="29" count="2" type="cond" truecount="2" falsecount="0"/>
      <line num="30" count="1" type="stmt"/>
      <line num="33" count="1" type="stmt"/>
      <line num="34" count="1" type="stmt"/>
      <line num="35" count="1" type="stmt"/>
      <line num="36" count="1" type="stmt"/>
      <line num="40" count="2" type="stmt"/>
      <line num="41" count="2" type="cond" truecount="2" falsecount="0"/>
      <line num="42" count="1" type="stmt"/>
    </file>
    <file name="Daemon.js" path="/Users/himura/Desktop/Netology/ajs-oop/src/js/Daemon.js">
      <metrics statements="3" coveredstatements="3" conditionals="0" coveredconditionals="0" methods="1" coveredmethods="1"/>
      <line num="5" count="1" type="stmt"/>
      <line num="6" count="1" type="stmt"/>
      <line num="7" count="1" type="stmt"/>
    </file>
    <file name="Magician.js" path="/Users/himura/Desktop/Netology/ajs-oop/src/js/Magician.js">
      <metrics statements="3" coveredstatements="3" conditionals="0" coveredconditionals="0" methods="1" coveredmethods="1"/>
      <line num="5" count="2" type="stmt"/>
      <line num="6" count="2" type="stmt"/>
      <line num="7" count="2" type="stmt"/>
    </file>
    <file name="Swordsman.js" path="/Users/himura/Desktop/Netology/ajs-oop/src/js/Swordsman.js">
      <metrics statements="3" coveredstatements="3" conditionals="0" coveredconditionals="0" methods="1" coveredmethods="1"/>
      <line num="5" count="2" type="stmt"/>
      <line num="6" count="2" type="stmt"/>
      <line num="7" count="2" type="stmt"/>
    </file>
    <file name="Undead.js" path="/Users/himura/Desktop/Netology/ajs-oop/src/js/Undead.js">
      <metrics statements="3" coveredstatements="3" conditionals="0" coveredconditionals="0" methods="1" coveredmethods="1"/>
      <line num="5" count="1" type="stmt"/>
      <line num="6" count="1" type="stmt"/>
      <line num="7" count="1" type="stmt"/>
    </file>
    <file name="Zombie.js" path="/Users/himura/Desktop/Netology/ajs-oop/src/js/Zombie.js">
      <metrics statements="3" coveredstatements="3" conditionals="0" coveredconditionals="0" methods="1" coveredmethods="1"/>
      <line num="5" count="2" type="stmt"/>
      <line num="6" count="2" type="stmt"/>
      <line num="7" count="2" type="stmt"/>
    </file>
  </project>
</coverage>
