TN:
SF:src/js/Bowman.js
FN:4,(anonymous_0)
FNF:1
FNH:1
FNDA:2,(anonymous_0)
DA:5,2
DA:6,2
DA:7,2
LF:3
LH:3
BRF:0
BRH:0
end_of_record
TN:
SF:src/js/Character.js
FN:2,(anonymous_0)
FN:28,(anonymous_1)
FN:39,(anonymous_2)
FNF:3
FNH:3
FNDA:13,(anonymous_0)
FNDA:2,(anonymous_1)
FNDA:2,(anonymous_2)
DA:3,13
DA:12,13
DA:13,2
DA:16,11
DA:17,1
DA:20,10
DA:21,10
DA:22,10
DA:23,10
DA:24,10
DA:25,10
DA:29,2
DA:30,1
DA:33,1
DA:34,1
DA:35,1
DA:36,1
DA:40,2
DA:41,2
DA:42,1
LF:20
LH:20
BRDA:12,0,0,2
BRDA:12,0,1,11
BRDA:12,1,0,13
BRDA:12,1,1,13
BRDA:12,1,2,12
BRDA:16,2,0,1
BRDA:16,2,1,10
BRDA:29,3,0,1
BRDA:29,3,1,1
BRDA:41,4,0,1
BRDA:41,4,1,1
BRF:11
BRH:11
end_of_record
TN:
SF:src/js/Daemon.js
FN:4,(anonymous_0)
FNF:1
FNH:1
FNDA:1,(anonymous_0)
DA:5,1
DA:6,1
DA:7,1
LF:3
LH:3
BRF:0
BRH:0
end_of_record
TN:
SF:src/js/Magician.js
FN:4,(anonymous_0)
FNF:1
FNH:1
FNDA:2,(anonymous_0)
DA:5,2
DA:6,2
DA:7,2
LF:3
LH:3
BRF:0
BRH:0
end_of_record
TN:
SF:src/js/Swordsman.js
FN:4,(anonymous_0)
FNF:1
FNH:1
FNDA:2,(anonymous_0)
DA:5,2
DA:6,2
DA:7,2
LF:3
LH:3
BRF:0
BRH:0
end_of_record
TN:
SF:src/js/Undead.js
FN:4,(anonymous_0)
FNF:1
FNH:1
FNDA:1,(anonymous_0)
DA:5,1
DA:6,1
DA:7,1
LF:3
LH:3
BRF:0
BRH:0
end_of_record
TN:
SF:src/js/Zombie.js
FN:4,(anonymous_0)
FNF:1
FNH:1
FNDA:2,(anonymous_0)
DA:5,2
DA:6,2
DA:7,2
LF:3
LH:3
BRF:0
BRH:0
end_of_record
